mode: count
github.com/pawelWritesCode/gdutils/pkg/stringutils/stringutils.go:24.58,28.30 3 18
github.com/pawelWritesCode/gdutils/pkg/stringutils/stringutils.go:32.2,32.15 1 18
github.com/pawelWritesCode/gdutils/pkg/stringutils/stringutils.go:28.30,30.3 1 488
github.com/pawelWritesCode/gdutils/pkg/cache/concurrent_cache.go:15.44,15.89 1 3
github.com/pawelWritesCode/gdutils/pkg/cache/concurrent_cache.go:17.63,19.2 1 5
github.com/pawelWritesCode/gdutils/pkg/cache/concurrent_cache.go:21.69,23.17 2 1
github.com/pawelWritesCode/gdutils/pkg/cache/concurrent_cache.go:27.2,27.17 1 1
github.com/pawelWritesCode/gdutils/pkg/cache/concurrent_cache.go:23.17,25.3 1 0
github.com/pawelWritesCode/gdutils/pkg/cache/concurrent_cache.go:30.35,32.2 1 1
github.com/pawelWritesCode/gdutils/pkg/cache/concurrent_cache.go:34.56,36.49 2 3
github.com/pawelWritesCode/gdutils/pkg/cache/concurrent_cache.go:47.2,47.15 1 3
github.com/pawelWritesCode/gdutils/pkg/cache/concurrent_cache.go:36.49,38.10 2 4
github.com/pawelWritesCode/gdutils/pkg/cache/concurrent_cache.go:42.3,44.14 2 4
github.com/pawelWritesCode/gdutils/pkg/cache/concurrent_cache.go:38.10,40.4 1 0
github.com/pawelWritesCode/gdutils/pkg/cache/default_cache.go:12.38,12.94 1 3
github.com/pawelWritesCode/gdutils/pkg/cache/default_cache.go:15.60,17.2 1 5
github.com/pawelWritesCode/gdutils/pkg/cache/default_cache.go:20.66,23.17 2 1
github.com/pawelWritesCode/gdutils/pkg/cache/default_cache.go:27.2,27.17 1 1
github.com/pawelWritesCode/gdutils/pkg/cache/default_cache.go:23.17,25.3 1 0
github.com/pawelWritesCode/gdutils/pkg/cache/default_cache.go:31.32,33.2 1 1
github.com/pawelWritesCode/gdutils/pkg/cache/default_cache.go:36.53,38.2 1 3
github.com/pawelWritesCode/gdutils/pkg/template/template.go:23.28,25.2 1 0
github.com/pawelWritesCode/gdutils/pkg/template/template.go:29.105,30.20 1 12
github.com/pawelWritesCode/gdutils/pkg/template/template.go:34.2,37.16 4 11
github.com/pawelWritesCode/gdutils/pkg/template/template.go:41.2,43.44 2 11
github.com/pawelWritesCode/gdutils/pkg/template/template.go:47.2,47.20 1 8
github.com/pawelWritesCode/gdutils/pkg/template/template.go:30.20,32.3 1 1
github.com/pawelWritesCode/gdutils/pkg/template/template.go:37.16,39.3 1 0
github.com/pawelWritesCode/gdutils/pkg/template/template.go:43.44,45.3 1 3
github.com/pawelWritesCode/gdutils/pkg/httpctx/httpctx.go:39.66,41.2 1 0
github.com/pawelWritesCode/gdutils/pkg/httpctx/httpctx.go:44.51,46.2 1 0
github.com/pawelWritesCode/gdutils/pkg/httpctx/httpctx.go:49.64,51.16 2 0
github.com/pawelWritesCode/gdutils/pkg/httpctx/httpctx.go:55.2,56.9 2 0
github.com/pawelWritesCode/gdutils/pkg/httpctx/httpctx.go:60.2,60.22 1 0
github.com/pawelWritesCode/gdutils/pkg/httpctx/httpctx.go:51.16,53.3 1 0
github.com/pawelWritesCode/gdutils/pkg/httpctx/httpctx.go:56.9,58.3 1 0
github.com/pawelWritesCode/gdutils/pkg/httpctx/httpctx.go:65.60,67.16 2 0
github.com/pawelWritesCode/gdutils/pkg/httpctx/httpctx.go:71.2,73.25 2 0
github.com/pawelWritesCode/gdutils/pkg/httpctx/httpctx.go:81.2,81.23 1 0
github.com/pawelWritesCode/gdutils/pkg/httpctx/httpctx.go:67.16,69.3 1 0
github.com/pawelWritesCode/gdutils/pkg/httpctx/httpctx.go:73.25,79.3 3 0
github.com/pawelWritesCode/gdutils/pkg/httpctx/validator.go:11.37,11.62 1 0
github.com/pawelWritesCode/gdutils/pkg/httpctx/validator.go:14.54,16.9 2 8
github.com/pawelWritesCode/gdutils/pkg/httpctx/validator.go:20.2,21.16 2 7
github.com/pawelWritesCode/gdutils/pkg/httpctx/validator.go:27.2,27.48 1 5
github.com/pawelWritesCode/gdutils/pkg/httpctx/validator.go:16.9,18.3 1 1
github.com/pawelWritesCode/gdutils/pkg/httpctx/validator.go:21.16,22.37 1 3
github.com/pawelWritesCode/gdutils/pkg/httpctx/validator.go:22.37,24.4 1 2
github.com/pawelWritesCode/gdutils/pkg/datatype/datatype.go:10.33,13.16 3 4
github.com/pawelWritesCode/gdutils/pkg/datatype/datatype.go:17.2,17.12 1 4
github.com/pawelWritesCode/gdutils/pkg/datatype/datatype.go:13.16,15.3 1 0
github.com/pawelWritesCode/gdutils/pkg/datatype/validator.go:24.75,26.2 1 0
github.com/pawelWritesCode/gdutils/pkg/datatype/validator.go:28.121,34.2 1 0
github.com/pawelWritesCode/gdutils/pkg/datatype/validator.go:38.76,40.16 2 0
github.com/pawelWritesCode/gdutils/pkg/datatype/validator.go:44.2,45.16 2 0
github.com/pawelWritesCode/gdutils/pkg/datatype/validator.go:49.2,49.21 1 0
github.com/pawelWritesCode/gdutils/pkg/datatype/validator.go:58.2,58.12 1 0
github.com/pawelWritesCode/gdutils/pkg/datatype/validator.go:40.16,42.3 1 0
github.com/pawelWritesCode/gdutils/pkg/datatype/validator.go:45.16,47.3 1 0
github.com/pawelWritesCode/gdutils/pkg/datatype/validator.go:49.21,51.39 2 0
github.com/pawelWritesCode/gdutils/pkg/datatype/validator.go:55.3,55.28 1 0
github.com/pawelWritesCode/gdutils/pkg/datatype/validator.go:51.39,53.4 1 0
github.com/pawelWritesCode/gdutils/pkg/datatype/validator.go:63.76,64.21 1 5
github.com/pawelWritesCode/gdutils/pkg/datatype/validator.go:68.2,69.19 2 4
github.com/pawelWritesCode/gdutils/pkg/datatype/validator.go:73.2,75.27 2 3
github.com/pawelWritesCode/gdutils/pkg/datatype/validator.go:81.2,82.20 2 3
github.com/pawelWritesCode/gdutils/pkg/datatype/validator.go:86.2,86.99 1 1
github.com/pawelWritesCode/gdutils/pkg/datatype/validator.go:64.21,66.3 1 1
github.com/pawelWritesCode/gdutils/pkg/datatype/validator.go:69.19,71.3 1 1
github.com/pawelWritesCode/gdutils/pkg/datatype/validator.go:75.27,77.3 1 2
github.com/pawelWritesCode/gdutils/pkg/datatype/validator.go:77.8,79.3 1 1
github.com/pawelWritesCode/gdutils/pkg/datatype/validator.go:82.20,84.3 1 2
github.com/pawelWritesCode/gdutils/state.go:36.65,44.2 4 99
github.com/pawelWritesCode/gdutils/state.go:47.127,56.2 2 99
github.com/pawelWritesCode/gdutils/state.go:59.42,62.2 2 1
github.com/pawelWritesCode/gdutils/state.go:65.76,67.16 2 7
github.com/pawelWritesCode/gdutils/state.go:71.2,72.9 2 3
github.com/pawelWritesCode/gdutils/state.go:76.2,76.17 1 3
github.com/pawelWritesCode/gdutils/state.go:67.16,69.3 1 4
github.com/pawelWritesCode/gdutils/state.go:72.9,74.3 1 0
github.com/pawelWritesCode/gdutils/steps.go:50.115,52.16 2 0
github.com/pawelWritesCode/gdutils/steps.go:56.2,57.16 2 0
github.com/pawelWritesCode/gdutils/steps.go:61.2,63.16 3 0
github.com/pawelWritesCode/gdutils/steps.go:67.2,68.16 2 0
github.com/pawelWritesCode/gdutils/steps.go:72.2,73.16 2 0
github.com/pawelWritesCode/gdutils/steps.go:77.2,77.62 1 0
github.com/pawelWritesCode/gdutils/steps.go:81.2,81.23 1 0
github.com/pawelWritesCode/gdutils/steps.go:86.2,87.16 2 0
github.com/pawelWritesCode/gdutils/steps.go:91.2,93.23 2 0
github.com/pawelWritesCode/gdutils/steps.go:98.2,98.12 1 0
github.com/pawelWritesCode/gdutils/steps.go:52.16,54.3 1 0
github.com/pawelWritesCode/gdutils/steps.go:57.16,59.3 1 0
github.com/pawelWritesCode/gdutils/steps.go:63.16,65.3 1 0
github.com/pawelWritesCode/gdutils/steps.go:68.16,70.3 1 0
github.com/pawelWritesCode/gdutils/steps.go:73.16,75.3 1 0
github.com/pawelWritesCode/gdutils/steps.go:77.62,79.3 1 0
github.com/pawelWritesCode/gdutils/steps.go:81.23,84.3 2 0
github.com/pawelWritesCode/gdutils/steps.go:87.16,89.3 1 0
github.com/pawelWritesCode/gdutils/steps.go:93.23,96.3 2 0
github.com/pawelWritesCode/gdutils/steps.go:102.93,104.16 2 8
github.com/pawelWritesCode/gdutils/steps.go:108.2,109.16 2 8
github.com/pawelWritesCode/gdutils/steps.go:113.2,115.12 2 8
github.com/pawelWritesCode/gdutils/steps.go:104.16,106.3 1 0
github.com/pawelWritesCode/gdutils/steps.go:109.16,111.3 1 0
github.com/pawelWritesCode/gdutils/steps.go:119.113,121.16 2 4
github.com/pawelWritesCode/gdutils/steps.go:125.2,126.68 2 4
github.com/pawelWritesCode/gdutils/steps.go:130.2,131.16 2 3
github.com/pawelWritesCode/gdutils/steps.go:135.2,135.40 1 1
github.com/pawelWritesCode/gdutils/steps.go:139.2,141.12 2 1
github.com/pawelWritesCode/gdutils/steps.go:121.16,123.3 1 0
github.com/pawelWritesCode/gdutils/steps.go:126.68,128.3 1 1
github.com/pawelWritesCode/gdutils/steps.go:131.16,133.3 1 2
github.com/pawelWritesCode/gdutils/steps.go:135.40,137.3 1 1
github.com/pawelWritesCode/gdutils/steps.go:146.107,148.16 2 3
github.com/pawelWritesCode/gdutils/steps.go:152.2,153.16 2 3
github.com/pawelWritesCode/gdutils/steps.go:157.2,161.12 3 1
github.com/pawelWritesCode/gdutils/steps.go:148.16,150.3 1 0
github.com/pawelWritesCode/gdutils/steps.go:153.16,155.3 1 2
github.com/pawelWritesCode/gdutils/steps.go:165.53,167.16 2 0
github.com/pawelWritesCode/gdutils/steps.go:171.2,171.23 1 0
github.com/pawelWritesCode/gdutils/steps.go:176.2,177.16 2 0
github.com/pawelWritesCode/gdutils/steps.go:181.2,183.23 2 0
github.com/pawelWritesCode/gdutils/steps.go:188.2,188.12 1 0
github.com/pawelWritesCode/gdutils/steps.go:167.16,169.3 1 0
github.com/pawelWritesCode/gdutils/steps.go:171.23,174.3 2 0
github.com/pawelWritesCode/gdutils/steps.go:177.16,179.3 1 0
github.com/pawelWritesCode/gdutils/steps.go:183.23,186.3 2 0
github.com/pawelWritesCode/gdutils/steps.go:192.63,194.16 2 6
github.com/pawelWritesCode/gdutils/steps.go:198.2,198.37 1 6
github.com/pawelWritesCode/gdutils/steps.go:202.2,202.12 1 3
github.com/pawelWritesCode/gdutils/steps.go:194.16,196.3 1 0
github.com/pawelWritesCode/gdutils/steps.go:198.37,200.3 1 3
github.com/pawelWritesCode/gdutils/steps.go:207.70,208.18 1 0
github.com/pawelWritesCode/gdutils/steps.go:209.16,211.17 2 0
github.com/pawelWritesCode/gdutils/steps.go:215.3,215.31 1 0
github.com/pawelWritesCode/gdutils/steps.go:218.21,220.17 2 0
github.com/pawelWritesCode/gdutils/steps.go:224.3,224.47 1 0
github.com/pawelWritesCode/gdutils/steps.go:228.3,228.83 1 0
github.com/pawelWritesCode/gdutils/steps.go:229.10,230.130 1 0
github.com/pawelWritesCode/gdutils/steps.go:211.17,213.4 1 0
github.com/pawelWritesCode/gdutils/steps.go:220.17,222.4 1 0
github.com/pawelWritesCode/gdutils/steps.go:224.47,226.4 1 0
github.com/pawelWritesCode/gdutils/steps.go:236.81,238.16 2 4
github.com/pawelWritesCode/gdutils/steps.go:242.2,244.16 2 4
github.com/pawelWritesCode/gdutils/steps.go:253.2,255.12 2 2
github.com/pawelWritesCode/gdutils/steps.go:238.16,240.3 1 0
github.com/pawelWritesCode/gdutils/steps.go:244.16,245.24 1 2
github.com/pawelWritesCode/gdutils/steps.go:250.3,250.58 1 2
github.com/pawelWritesCode/gdutils/steps.go:245.24,248.4 2 0
github.com/pawelWritesCode/gdutils/steps.go:260.97,262.16 2 100
github.com/pawelWritesCode/gdutils/steps.go:266.2,268.12 2 100
github.com/pawelWritesCode/gdutils/steps.go:262.16,264.3 1 0
github.com/pawelWritesCode/gdutils/steps.go:273.99,275.16 2 0
github.com/pawelWritesCode/gdutils/steps.go:279.2,282.16 4 0
github.com/pawelWritesCode/gdutils/steps.go:286.2,288.12 2 0
github.com/pawelWritesCode/gdutils/steps.go:275.16,277.3 1 0
github.com/pawelWritesCode/gdutils/steps.go:282.16,284.3 1 0
github.com/pawelWritesCode/gdutils/steps.go:293.121,294.51 1 2
github.com/pawelWritesCode/gdutils/steps.go:294.51,296.17 2 20
github.com/pawelWritesCode/gdutils/steps.go:300.3,302.13 2 20
github.com/pawelWritesCode/gdutils/steps.go:296.17,298.4 1 0
github.com/pawelWritesCode/gdutils/steps.go:307.66,309.16 2 0
github.com/pawelWritesCode/gdutils/steps.go:313.2,314.16 2 0
github.com/pawelWritesCode/gdutils/steps.go:323.2,323.12 1 0
github.com/pawelWritesCode/gdutils/steps.go:309.16,311.3 1 0
github.com/pawelWritesCode/gdutils/steps.go:314.16,315.24 1 0
github.com/pawelWritesCode/gdutils/steps.go:320.3,320.75 1 0
github.com/pawelWritesCode/gdutils/steps.go:315.24,318.4 2 0
github.com/pawelWritesCode/gdutils/steps.go:329.74,331.16 2 51
github.com/pawelWritesCode/gdutils/steps.go:335.2,336.16 2 51
github.com/pawelWritesCode/gdutils/steps.go:340.2,342.16 3 49
github.com/pawelWritesCode/gdutils/steps.go:331.16,333.3 1 0
github.com/pawelWritesCode/gdutils/steps.go:336.16,338.3 1 2
github.com/pawelWritesCode/gdutils/steps.go:343.13,344.63 1 4
github.com/pawelWritesCode/gdutils/steps.go:348.3,348.13 1 2
github.com/pawelWritesCode/gdutils/steps.go:349.16,350.40 1 6
github.com/pawelWritesCode/gdutils/steps.go:354.3,354.13 1 4
github.com/pawelWritesCode/gdutils/steps.go:355.13,359.38 1 10
github.com/pawelWritesCode/gdutils/steps.go:363.3,363.41 1 10
github.com/pawelWritesCode/gdutils/steps.go:370.3,370.13 1 4
github.com/pawelWritesCode/gdutils/steps.go:371.15,372.79 1 6
github.com/pawelWritesCode/gdutils/steps.go:381.3,381.13 1 4
github.com/pawelWritesCode/gdutils/steps.go:382.14,383.38 1 6
github.com/pawelWritesCode/gdutils/steps.go:387.3,387.13 1 4
github.com/pawelWritesCode/gdutils/steps.go:388.13,389.37 1 8
github.com/pawelWritesCode/gdutils/steps.go:393.3,393.13 1 4
github.com/pawelWritesCode/gdutils/steps.go:394.15,395.39 1 8
github.com/pawelWritesCode/gdutils/steps.go:399.3,399.13 1 4
github.com/pawelWritesCode/gdutils/steps.go:400.10,401.80 1 1
github.com/pawelWritesCode/gdutils/steps.go:344.63,346.4 1 2
github.com/pawelWritesCode/gdutils/steps.go:350.40,352.4 1 2
github.com/pawelWritesCode/gdutils/steps.go:359.38,361.4 1 0
github.com/pawelWritesCode/gdutils/steps.go:363.41,365.17 2 8
github.com/pawelWritesCode/gdutils/steps.go:365.17,367.5 1 6
github.com/pawelWritesCode/gdutils/steps.go:372.79,374.17 2 2
github.com/pawelWritesCode/gdutils/steps.go:378.4,378.25 1 0
github.com/pawelWritesCode/gdutils/steps.go:374.17,376.5 1 2
github.com/pawelWritesCode/gdutils/steps.go:383.38,385.4 1 2
github.com/pawelWritesCode/gdutils/steps.go:389.37,391.4 1 4
github.com/pawelWritesCode/gdutils/steps.go:395.39,397.4 1 4
github.com/pawelWritesCode/gdutils/steps.go:408.71,411.16 2 26
github.com/pawelWritesCode/gdutils/steps.go:412.63,413.64 1 25
github.com/pawelWritesCode/gdutils/steps.go:417.3,417.13 1 11
github.com/pawelWritesCode/gdutils/steps.go:418.10,419.80 1 1
github.com/pawelWritesCode/gdutils/steps.go:413.64,415.4 1 14
github.com/pawelWritesCode/gdutils/steps.go:425.72,429.16 3 0
github.com/pawelWritesCode/gdutils/steps.go:433.2,434.32 2 0
github.com/pawelWritesCode/gdutils/steps.go:443.2,443.19 1 0
github.com/pawelWritesCode/gdutils/steps.go:457.2,457.12 1 0
github.com/pawelWritesCode/gdutils/steps.go:429.16,431.3 1 0
github.com/pawelWritesCode/gdutils/steps.go:434.32,438.17 3 0
github.com/pawelWritesCode/gdutils/steps.go:438.17,440.4 1 0
github.com/pawelWritesCode/gdutils/steps.go:443.19,445.28 2 0
github.com/pawelWritesCode/gdutils/steps.go:449.3,449.24 1 0
github.com/pawelWritesCode/gdutils/steps.go:454.3,454.31 1 0
github.com/pawelWritesCode/gdutils/steps.go:445.28,447.4 1 0
github.com/pawelWritesCode/gdutils/steps.go:449.24,452.4 2 0
github.com/pawelWritesCode/gdutils/steps.go:462.81,464.16 2 5
github.com/pawelWritesCode/gdutils/steps.go:468.2,469.16 2 5
github.com/pawelWritesCode/gdutils/steps.go:478.2,479.31 2 3
github.com/pawelWritesCode/gdutils/steps.go:487.2,487.23 1 2
github.com/pawelWritesCode/gdutils/steps.go:492.2,492.113 1 2
github.com/pawelWritesCode/gdutils/steps.go:464.16,466.3 1 0
github.com/pawelWritesCode/gdutils/steps.go:469.16,470.24 1 2
github.com/pawelWritesCode/gdutils/steps.go:475.3,475.75 1 2
github.com/pawelWritesCode/gdutils/steps.go:470.24,473.4 2 0
github.com/pawelWritesCode/gdutils/steps.go:479.31,480.24 1 1
github.com/pawelWritesCode/gdutils/steps.go:484.3,484.13 1 1
github.com/pawelWritesCode/gdutils/steps.go:480.24,482.4 1 0
github.com/pawelWritesCode/gdutils/steps.go:487.23,490.3 2 0
github.com/pawelWritesCode/gdutils/steps.go:498.84,500.16 2 8
github.com/pawelWritesCode/gdutils/steps.go:504.2,504.23 1 8
github.com/pawelWritesCode/gdutils/steps.go:508.2,509.16 2 8
github.com/pawelWritesCode/gdutils/steps.go:513.2,514.16 2 8
github.com/pawelWritesCode/gdutils/steps.go:523.2,523.18 1 7
github.com/pawelWritesCode/gdutils/steps.go:635.2,635.12 1 7
github.com/pawelWritesCode/gdutils/steps.go:500.16,502.3 1 0
github.com/pawelWritesCode/gdutils/steps.go:504.23,506.3 1 0
github.com/pawelWritesCode/gdutils/steps.go:509.16,511.3 1 0
github.com/pawelWritesCode/gdutils/steps.go:514.16,515.24 1 1
github.com/pawelWritesCode/gdutils/steps.go:520.3,520.75 1 1
github.com/pawelWritesCode/gdutils/steps.go:515.24,518.4 2 0
github.com/pawelWritesCode/gdutils/steps.go:524.16,526.10 2 1
github.com/pawelWritesCode/gdutils/steps.go:535.3,535.34 1 1
github.com/pawelWritesCode/gdutils/steps.go:543.13,545.10 2 1
github.com/pawelWritesCode/gdutils/steps.go:554.3,558.17 3 1
github.com/pawelWritesCode/gdutils/steps.go:567.3,567.29 1 1
github.com/pawelWritesCode/gdutils/steps.go:575.15,577.10 2 1
github.com/pawelWritesCode/gdutils/steps.go:586.3,587.17 2 1
github.com/pawelWritesCode/gdutils/steps.go:596.3,596.33 1 1
github.com/pawelWritesCode/gdutils/steps.go:604.14,606.10 2 4
github.com/pawelWritesCode/gdutils/steps.go:615.3,616.17 2 4
github.com/pawelWritesCode/gdutils/steps.go:625.3,625.31 1 4
github.com/pawelWritesCode/gdutils/steps.go:526.10,527.25 1 0
github.com/pawelWritesCode/gdutils/steps.go:532.4,532.93 1 0
github.com/pawelWritesCode/gdutils/steps.go:527.25,530.5 2 0
github.com/pawelWritesCode/gdutils/steps.go:535.34,536.25 1 0
github.com/pawelWritesCode/gdutils/steps.go:541.4,541.140 1 0
github.com/pawelWritesCode/gdutils/steps.go:536.25,539.5 2 0
github.com/pawelWritesCode/gdutils/steps.go:545.10,546.25 1 0
github.com/pawelWritesCode/gdutils/steps.go:551.4,551.93 1 0
github.com/pawelWritesCode/gdutils/steps.go:546.25,549.5 2 0
github.com/pawelWritesCode/gdutils/steps.go:558.17,559.25 1 0
github.com/pawelWritesCode/gdutils/steps.go:564.4,564.121 1 0
github.com/pawelWritesCode/gdutils/steps.go:559.25,562.5 2 0
github.com/pawelWritesCode/gdutils/steps.go:567.29,568.25 1 0
github.com/pawelWritesCode/gdutils/steps.go:573.4,573.129 1 0
github.com/pawelWritesCode/gdutils/steps.go:568.25,571.5 2 0
github.com/pawelWritesCode/gdutils/steps.go:577.10,578.25 1 0
github.com/pawelWritesCode/gdutils/steps.go:583.4,583.93 1 0
github.com/pawelWritesCode/gdutils/steps.go:578.25,581.5 2 0
github.com/pawelWritesCode/gdutils/steps.go:587.17,588.25 1 0
github.com/pawelWritesCode/gdutils/steps.go:593.4,593.125 1 0
github.com/pawelWritesCode/gdutils/steps.go:588.25,591.5 2 0
github.com/pawelWritesCode/gdutils/steps.go:596.33,597.25 1 0
github.com/pawelWritesCode/gdutils/steps.go:602.4,602.135 1 0
github.com/pawelWritesCode/gdutils/steps.go:597.25,600.5 2 0
github.com/pawelWritesCode/gdutils/steps.go:606.10,607.25 1 0
github.com/pawelWritesCode/gdutils/steps.go:612.4,612.93 1 0
github.com/pawelWritesCode/gdutils/steps.go:607.25,610.5 2 0
github.com/pawelWritesCode/gdutils/steps.go:616.17,617.25 1 0
github.com/pawelWritesCode/gdutils/steps.go:622.4,622.122 1 0
github.com/pawelWritesCode/gdutils/steps.go:617.25,620.5 2 0
github.com/pawelWritesCode/gdutils/steps.go:625.31,626.25 1 0
github.com/pawelWritesCode/gdutils/steps.go:631.4,631.131 1 0
github.com/pawelWritesCode/gdutils/steps.go:626.25,629.5 2 0
github.com/pawelWritesCode/gdutils/steps.go:639.64,640.15 1 5
github.com/pawelWritesCode/gdutils/steps.go:651.2,652.16 2 5
github.com/pawelWritesCode/gdutils/steps.go:656.2,657.18 2 5
github.com/pawelWritesCode/gdutils/steps.go:661.2,661.23 1 2
github.com/pawelWritesCode/gdutils/steps.go:665.2,665.94 1 2
github.com/pawelWritesCode/gdutils/steps.go:640.15,641.24 1 5
github.com/pawelWritesCode/gdutils/steps.go:641.24,643.18 2 0
github.com/pawelWritesCode/gdutils/steps.go:647.4,647.88 1 0
github.com/pawelWritesCode/gdutils/steps.go:643.18,645.5 1 0
github.com/pawelWritesCode/gdutils/steps.go:652.16,654.3 1 0
github.com/pawelWritesCode/gdutils/steps.go:657.18,659.3 1 3
github.com/pawelWritesCode/gdutils/steps.go:661.23,663.3 1 0
github.com/pawelWritesCode/gdutils/steps.go:669.78,670.15 1 6
github.com/pawelWritesCode/gdutils/steps.go:681.2,682.16 2 6
github.com/pawelWritesCode/gdutils/steps.go:686.2,688.33 2 6
github.com/pawelWritesCode/gdutils/steps.go:692.2,692.21 1 6
github.com/pawelWritesCode/gdutils/steps.go:696.2,696.131 1 3
github.com/pawelWritesCode/gdutils/steps.go:670.15,671.24 1 6
github.com/pawelWritesCode/gdutils/steps.go:671.24,673.18 2 0
github.com/pawelWritesCode/gdutils/steps.go:677.4,677.88 1 0
github.com/pawelWritesCode/gdutils/steps.go:673.18,675.5 1 0
github.com/pawelWritesCode/gdutils/steps.go:682.16,684.3 1 0
github.com/pawelWritesCode/gdutils/steps.go:688.33,690.3 1 0
github.com/pawelWritesCode/gdutils/steps.go:692.21,694.3 1 3
github.com/pawelWritesCode/gdutils/steps.go:701.50,703.16 2 0
github.com/pawelWritesCode/gdutils/steps.go:707.2,708.12 2 0
github.com/pawelWritesCode/gdutils/steps.go:703.16,705.3 1 0
github.com/pawelWritesCode/gdutils/steps.go:712.48,716.16 3 0
github.com/pawelWritesCode/gdutils/steps.go:720.2,722.16 2 0
github.com/pawelWritesCode/gdutils/steps.go:727.2,729.16 2 0
github.com/pawelWritesCode/gdutils/steps.go:734.2,735.12 2 0
github.com/pawelWritesCode/gdutils/steps.go:716.16,718.3 1 0
github.com/pawelWritesCode/gdutils/steps.go:722.16,725.3 2 0
github.com/pawelWritesCode/gdutils/steps.go:729.16,732.3 2 0
github.com/pawelWritesCode/gdutils/steps.go:739.41,743.2 2 0
github.com/pawelWritesCode/gdutils/steps.go:746.40,750.2 2 0
github.com/pawelWritesCode/gdutils/steps.go:754.74,756.16 2 3
github.com/pawelWritesCode/gdutils/steps.go:760.2,760.61 1 2
github.com/pawelWritesCode/gdutils/steps.go:756.16,758.3 1 1
